me: 你好
robot: 好好好。
me: 你是谁
robot: 叫我Tony就可以了
me: 你在哪
robot: 我在北京呢，一个来了就不想走的城市。
me: 我在哪？
robot: 你在这
me: fuck you
robot: 说脏话不是好孩子呦
me: damn it
robot: 该死
me: 好的
robot: 你知道就好
me: 我不知道
robot: 问号表示不懂吧！
me: ？？？
robot: 有什么能够搬到你的？
me: ？？？
robot: 我也不知道。
me: ？？？
robot: Tony在此，有问必答
me: ？？？
robot: 咦，怎么又是这句话呀
me: ？？？
robot: 咦，怎么又是这句话呀
me: ？？？？
robot: ? ? ? ?
me: ？？？？
robot: ? ? ? ?
me: ？？
robot: 我也不知道。
me: ？？
robot: Tony在此，有问必答
me: ？
robot: 什么？
me: ？？
robot: Tony在此，有问必答
me: ？
robot: 我也不知道。
me: ？？
robot: 想说什么？
me: 你好的
robot: 你也好呀
me: 我不知道你是谁啊
robot: 不理你
me: 你是傻子
robot: 说我傻？以为我不会生气咋地，坟蛋！
me: 哦豁
robot: 呦豁。
me: ；
robot: ;
me: ✔▇▇
robot: 好的，知道了。
me: 解决
robot: 告诉我经过吧。
me: 就
robot: 恩，就是这么6
me: 发
robot: 又是谁在发红包呢
me: u
robot: v
me: b
robot: c
me:  n
robot: O
me: 吗
robot: 嗯嗯。
me: u
robot: v
me: 在
robot: 在你需要我的时候，我就在你身后。
me: i
robot: J
me: 吧
robot: 是吧？可以吧。好吧！到底是哪个呢？
me: fuck you
robot: 你知道么，人在愤怒的时候很容易犯错哦
